<?xml version="1.0" encoding="UTF-8"?>
<!-- Generated by org.testng.reporters.JUnitXMLReporter -->
<testsuite ignored="0" hostname="LAPTOP-VRCUDKR5" failures="0" tests="4" name="Test" time="38.578" errors="0" timestamp="2023-04-04T21:54:04 IST">
  <testcase classname="rest_api_request.GetRequest" name="test1" time="1.409"/>
  <testcase classname="medicare_webpages.Admin" name="AdminTest" time="6.163"/>
  <testcase classname="medicare_webpages.Check_out" name="viewProductTest" time="11.655"/>
  <testcase classname="medicare_webpages.Login" name="logintest" time="16.099"/>
</testsuite> <!-- Test -->
