<?xml version="1.0" encoding="UTF-8"?>
<!-- Generated by org.testng.reporters.JUnitXMLReporter -->
<testsuite ignored="0" hostname="LAPTOP-VRCUDKR5" failures="0" tests="4" name="Test" time="43.578" errors="0" timestamp="2023-03-28T11:55:59 IST">
  <testcase classname="rest_api_request.GetRequest" name="test1" time="4.551"/>
  <testcase classname="medicare_webpages.Admin" name="AdminTest" time="6.547"/>
  <testcase classname="medicare_webpages.Check_out" name="viewProductTest" time="12.069"/>
  <testcase classname="medicare_webpages.Login" name="logintest" time="16.491"/>
</testsuite> <!-- Test -->
