<?xml version="1.0" encoding="UTF-8"?>
<!-- Generated by org.testng.reporters.JUnitXMLReporter -->
<testsuite ignored="0" hostname="LAPTOP-VRCUDKR5" failures="0" tests="4" name="Test" time="45.044" errors="0" timestamp="2023-04-04T19:36:32 IST">
  <testcase classname="rest_api_request.GetRequest" name="test1" time="4.118"/>
  <testcase classname="medicare_webpages.Admin" name="AdminTest" time="6.792"/>
  <testcase classname="medicare_webpages.Check_out" name="viewProductTest" time="12.068"/>
  <testcase classname="medicare_webpages.Login" name="logintest" time="16.695"/>
</testsuite> <!-- Test -->
