<?xml version="1.0" encoding="UTF-8"?>
<testsuite xmlns:xsi="http://www.w3.org/2001/XMLSchema-instance" xsi:noNamespaceSchemaLocation="https://maven.apache.org/surefire/maven-surefire-plugin/xsd/surefire-test-report-3.0.xsd" version="3.0" name="TestSuite" time="45.496" tests="4" errors="0" skipped="0" failures="0">
  <properties>
[...]
</properties>
  <testcase name="test1" classname="rest_api_request.GetRequest" time="4.121">
    <system-out><![CDATA[HTTP/1.1 200 
Cache-Control: no-cache, no-store, max-age=0, must-revalidate
Pragma: no-cache
Expires: 0
X-XSS-Protection: 1; mode=block
X-Frame-Options: DENY
X-Content-Type-Options: nosniff
Set-Cookie: JSESSIONID=CA586B82EA632066B64CCB34A34D7F2E; Path=/medicare; HttpOnly
Content-Type: text/html;charset=ISO-8859-1
Content-Language: en-IN
Content-Length: 1949
Date: Tue, 04 Apr 2023 14:05:51 GMT
Keep-Alive: timeout=20
Connection: keep-alive

<html lang="en">
  <head>
    <meta charset="utf-8"/>
    <meta http-equiv="X-UA-Compatible" content="IE=edge"/>
    <meta name="viewport" content="width=device-width, initial-scale=1"/>
    <meta name="description" content=""/>
    <meta name="author" content=""/>
    <link href="/medicare/resources/css/bootstrap.min.css" rel="stylesheet"/>
    <link href="/medicare/resources/css/bootstrap-readable-theme.css" rel="stylesheet"/>
    <link href="/medicare/resources/css/myapp.css" rel="stylesheet"/>
    <title>Medicare - 404 Error Page</title>
  </head>
  <body>
    <div class="wrapper">
      <nav class="navbar navbar-inverse navbar-fixed-top" role="navigation">
        <div class="container">
          <div class="navbar-header">
            <a shape="rect" class="navbar-brand" href="/medicare/home">Home</a>
          </div>
        </div>
      </nav>
      <div class="content">
        <div class="container">
          <div class="row">
            <div class="col-xs-12">
              <div class="jumbotron">
                <h1>The page is not constructed!</h1>
                <hr/>
                <blockquote style="word-wrap:break-word">
								
								The page you are looking for is not available now!
							
							</blockquote>
              </div>
            </div>
          </div>
        </div>
      </div>
      <div class="container footer">
        <hr/>
        <footer>
          <div class="row">
            <div class="col-lg-12">
              <p>Copyright © Medicare - Designed and Developed By Simplilearn</p>
            </div>
          </div>
        </footer>
      </div>
    </div>
  </body>
</html>
]]></system-out>
  </testcase>
  <testcase name="AdminTest" classname="medicare_webpages.Admin" time="6.773">
    <system-err><![CDATA[Starting ChromeDriver 110.0.5481.77 (65ed616c6e8ee3fe0ad64fe83796c020644d42af-refs/branch-heads/5481@{#839}) on port 52518
Only local connections are allowed.
Please see https://chromedriver.chromium.org/security-considerations for suggestions on keeping ChromeDriver safe.
ChromeDriver was started successfully.
[1680617153.180][WARNING]: This version of ChromeDriver has not been tested with Chrome version 111.
[1680617153.251][WARNING]: virtual void DevToolsClientImpl::AddListener(DevToolsEventListener *) subscribing a listener to the already connected DevToolsClient. Connection notification will not arrive.
Apr 04, 2023 7:35:54 PM org.openqa.selenium.remote.ProtocolHandshake createSession
INFO: Detected dialect: W3C
]]></system-err>
  </testcase>
  <testcase name="viewProductTest" classname="medicare_webpages.Check_out" time="12.043">
    <system-err><![CDATA[Starting ChromeDriver 110.0.5481.77 (65ed616c6e8ee3fe0ad64fe83796c020644d42af-refs/branch-heads/5481@{#839}) on port 16319
Only local connections are allowed.
Please see https://chromedriver.chromium.org/security-considerations for suggestions on keeping ChromeDriver safe.
ChromeDriver was started successfully.
[1680617163.099][WARNING]: This version of ChromeDriver has not been tested with Chrome version 111.
[1680617163.118][WARNING]: virtual void DevToolsClientImpl::AddListener(DevToolsEventListener *) subscribing a listener to the already connected DevToolsClient. Connection notification will not arrive.
Apr 04, 2023 7:36:03 PM org.openqa.selenium.remote.ProtocolHandshake createSession
INFO: Detected dialect: W3C
]]></system-err>
  </testcase>
  <testcase name="logintest" classname="medicare_webpages.Login" time="16.714">
    <system-out><![CDATA[signup is sucessful
]]></system-out>
    <system-err><![CDATA[Starting ChromeDriver 110.0.5481.77 (65ed616c6e8ee3fe0ad64fe83796c020644d42af-refs/branch-heads/5481@{#839}) on port 30872
Only local connections are allowed.
Please see https://chromedriver.chromium.org/security-considerations for suggestions on keeping ChromeDriver safe.
ChromeDriver was started successfully.
[1680617176.493][WARNING]: This version of ChromeDriver has not been tested with Chrome version 111.
[1680617176.504][WARNING]: virtual void DevToolsClientImpl::AddListener(DevToolsEventListener *) subscribing a listener to the already connected DevToolsClient. Connection notification will not arrive.
Apr 04, 2023 7:36:16 PM org.openqa.selenium.remote.ProtocolHandshake createSession
INFO: Detected dialect: W3C
]]></system-err>
  </testcase>
</testsuite>