<?xml version="1.0" encoding="UTF-8"?>
<testng-results ignored="0" total="4" passed="4" failed="0" skipped="0">
  <reporter-output>
  </reporter-output>
  <suite started-at="2023-04-04T19:35:47 IST" name="Suite" finished-at="2023-04-04T19:36:32 IST" duration-ms="45044">
    <groups>
    </groups>
    <test started-at="2023-04-04T19:35:47 IST" name="Test" finished-at="2023-04-04T19:36:32 IST" duration-ms="45044">
      <class name="medicare_webpages.Admin">
        <test-method is-config="true" signature="setup()[pri:0, instance:medicare_webpages.Admin@78123e82]" started-at="2023-04-04T19:35:51 IST" name="setup" finished-at="2023-04-04T19:35:55 IST" duration-ms="4077" status="PASS">
          <reporter-output>
          </reporter-output>
        </test-method> <!-- setup -->
        <test-method signature="AdminTest()[pri:0, instance:medicare_webpages.Admin@78123e82]" started-at="2023-04-04T19:35:55 IST" name="AdminTest" finished-at="2023-04-04T19:36:02 IST" duration-ms="6792" status="PASS">
          <reporter-output>
          </reporter-output>
        </test-method> <!-- AdminTest -->
      </class> <!-- medicare_webpages.Admin -->
      <class name="rest_api_request.GetRequest">
        <test-method signature="test1()[pri:0, instance:rest_api_request.GetRequest@33990a0c]" started-at="2023-04-04T19:35:47 IST" name="test1" finished-at="2023-04-04T19:35:51 IST" duration-ms="4118" status="PASS">
          <reporter-output>
          </reporter-output>
        </test-method> <!-- test1 -->
      </class> <!-- rest_api_request.GetRequest -->
      <class name="medicare_webpages.Login">
        <test-method signature="logintest()[pri:0, instance:medicare_webpages.Login@48f278eb]" started-at="2023-04-04T19:36:15 IST" name="logintest" finished-at="2023-04-04T19:36:32 IST" duration-ms="16695" status="PASS">
          <reporter-output>
          </reporter-output>
        </test-method> <!-- logintest -->
      </class> <!-- medicare_webpages.Login -->
      <class name="medicare_webpages.Check_out">
        <test-method is-config="true" signature="setup()[pri:0, instance:medicare_webpages.Check_out@1da2cb77]" started-at="2023-04-04T19:36:02 IST" name="setup" finished-at="2023-04-04T19:36:03 IST" duration-ms="1264" status="PASS">
          <reporter-output>
          </reporter-output>
        </test-method> <!-- setup -->
        <test-method signature="viewProductTest()[pri:0, instance:medicare_webpages.Check_out@1da2cb77]" started-at="2023-04-04T19:36:03 IST" name="viewProductTest" finished-at="2023-04-04T19:36:15 IST" duration-ms="12068" status="PASS">
          <reporter-output>
          </reporter-output>
        </test-method> <!-- viewProductTest -->
      </class> <!-- medicare_webpages.Check_out -->
    </test> <!-- Test -->
  </suite> <!-- Suite -->
</testng-results>
