<?xml version="1.0" encoding="UTF-8"?>
<testng-results ignored="0" total="4" passed="4" failed="0" skipped="0">
  <reporter-output>
  </reporter-output>
  <suite started-at="2023-04-04T21:53:25 IST" name="Suite" finished-at="2023-04-04T21:54:04 IST" duration-ms="38578">
    <groups>
    </groups>
    <test started-at="2023-04-04T21:53:25 IST" name="Test" finished-at="2023-04-04T21:54:04 IST" duration-ms="38578">
      <class name="medicare_webpages.Admin">
        <test-method is-config="true" signature="setup()[pri:0, instance:medicare_webpages.Admin@74751b3]" started-at="2023-04-04T21:53:27 IST" name="setup" finished-at="2023-04-04T21:53:28 IST" duration-ms="1707" status="PASS">
          <reporter-output>
          </reporter-output>
        </test-method> <!-- setup -->
        <test-method signature="AdminTest()[pri:0, instance:medicare_webpages.Admin@74751b3]" started-at="2023-04-04T21:53:28 IST" name="AdminTest" finished-at="2023-04-04T21:53:35 IST" duration-ms="6163" status="PASS">
          <reporter-output>
          </reporter-output>
        </test-method> <!-- AdminTest -->
      </class> <!-- medicare_webpages.Admin -->
      <class name="rest_api_request.GetRequest">
        <test-method signature="test1()[pri:0, instance:rest_api_request.GetRequest@2b91004a]" started-at="2023-04-04T21:53:25 IST" name="test1" finished-at="2023-04-04T21:53:27 IST" duration-ms="1409" status="PASS">
          <reporter-output>
          </reporter-output>
        </test-method> <!-- test1 -->
      </class> <!-- rest_api_request.GetRequest -->
      <class name="medicare_webpages.Login">
        <test-method signature="logintest()[pri:0, instance:medicare_webpages.Login@2c1b194a]" started-at="2023-04-04T21:53:48 IST" name="logintest" finished-at="2023-04-04T21:54:04 IST" duration-ms="16099" status="PASS">
          <reporter-output>
          </reporter-output>
        </test-method> <!-- logintest -->
      </class> <!-- medicare_webpages.Login -->
      <class name="medicare_webpages.Check_out">
        <test-method is-config="true" signature="setup()[pri:0, instance:medicare_webpages.Check_out@32502377]" started-at="2023-04-04T21:53:35 IST" name="setup" finished-at="2023-04-04T21:53:36 IST" duration-ms="1497" status="PASS">
          <reporter-output>
          </reporter-output>
        </test-method> <!-- setup -->
        <test-method signature="viewProductTest()[pri:0, instance:medicare_webpages.Check_out@32502377]" started-at="2023-04-04T21:53:36 IST" name="viewProductTest" finished-at="2023-04-04T21:53:48 IST" duration-ms="11655" status="PASS">
          <reporter-output>
          </reporter-output>
        </test-method> <!-- viewProductTest -->
      </class> <!-- medicare_webpages.Check_out -->
    </test> <!-- Test -->
  </suite> <!-- Suite -->
</testng-results>
