<?xml version="1.0" encoding="UTF-8"?>
<testng-results ignored="0" total="1" passed="1" failed="0" skipped="0">
  <reporter-output>
  </reporter-output>
  <suite started-at="2023-03-27T14:42:48 IST" name="Default suite" finished-at="2023-03-27T14:43:07 IST" duration-ms="19101">
    <groups>
    </groups>
    <test started-at="2023-03-27T14:42:48 IST" name="Default test" finished-at="2023-03-27T14:43:07 IST" duration-ms="19101">
      <class name="medicare_webpages.Login">
        <test-method signature="logintest()[pri:0, instance:medicare_webpages.Login@16610890]" started-at="2023-03-27T14:42:48 IST" name="logintest" finished-at="2023-03-27T14:43:07 IST" duration-ms="19065" status="PASS">
          <reporter-output>
          </reporter-output>
        </test-method> <!-- logintest -->
      </class> <!-- medicare_webpages.Login -->
    </test> <!-- Default test -->
  </suite> <!-- Default suite -->
</testng-results>
